[debug] [2026-03-09T00:03:43.031Z] ----------------------------------------------------------------------
[debug] [2026-03-09T00:03:43.035Z] Command:       /usr/bin/node /usr/local/bin/firebase init
[debug] [2026-03-09T00:03:43.035Z] CLI Version:   15.9.0
[debug] [2026-03-09T00:03:43.036Z] Platform:      linux
[debug] [2026-03-09T00:03:43.036Z] Node Version:  v22.22.0
[debug] [2026-03-09T00:03:43.036Z] Time:          Sun Mar 08 2026 21:03:43 GMT-0300 (Horário Padrão de Brasília)
[debug] [2026-03-09T00:03:43.036Z] ----------------------------------------------------------------------
[debug] 
[debug] [2026-03-09T00:03:43.039Z] >>> [apiv2][query] GET https://firebase-public.firebaseio.com/cli.json [none]
[info] 
     ######## #### ########  ######## ########     ###     ######  ########
     ##        ##  ##     ## ##       ##     ##  ##   ##  ##       ##
     ######    ##  ########  ######   ########  #########  ######  ######
     ##        ##  ##    ##  ##       ##     ## ##     ##       ## ##
     ##       #### ##     ## ######## ########  ##     ##  ######  ########

You're about to initialize a Firebase project in this directory:

  /home/antonio-gusmao/dev/git/front/digito_dashboard_mega_cripto

[debug] [2026-03-09T00:03:44.879Z] <<< [apiv2][status] GET https://firebase-public.firebaseio.com/cli.json 200
[debug] [2026-03-09T00:03:44.879Z] <<< [apiv2][body] GET https://firebase-public.firebaseio.com/cli.json {"cloudBuildErrorAfter":1594252800000,"cloudBuildWarnAfter":1590019200000,"defaultNode10After":1594252800000,"minVersion":"3.0.5","node8DeploysDisabledAfter":1613390400000,"node8RuntimeDisabledAfter":1615809600000,"node8WarnAfter":1600128000000}
[info] 
=== Project Setup
[info] 
[info] First, let's associate this project directory with a Firebase project.
[info] You can create multiple project aliases by running firebase use --add, 
[info] 
[debug] [2026-03-09T00:04:03.273Z] ExitPromptError: User force closed the prompt with SIGINT
    at Interface.sigint (/usr/local/lib/node_modules/firebase-tools/node_modules/@inquirer/core/dist/commonjs/lib/create-prompt.js:101:37)
    at Interface.emit (node:events:519:28)
    at [_ttyWrite] [as _ttyWrite] (node:internal/readline/interface:1134:18)
    at ReadStream.onkeypress (node:internal/readline/interface:271:20)
    at ReadStream.emit (node:events:531:35)
    at emitKeys (node:internal/readline/utils:370:14)
    at emitKeys.next (<anonymous>)
    at ReadStream.onData (node:internal/readline/emitKeypressEvents:64:36)
    at ReadStream.emit (node:events:519:28)
    at addChunk (node:internal/streams/readable:561:12)
[error] 
[error] Error: An unexpected error has occurred.
